C:\Users\mattia\Desktop\Code\SShop\SShop.Web\AppClient\app-client\dist\out-tsc\app\app.component.js
C:\Users\mattia\Desktop\Code\SShop\SShop.Web\AppClient\app-client\dist\out-tsc\app\app.component.js.map
C:\Users\mattia\Desktop\Code\SShop\SShop.Web\AppClient\app-client\dist\out-tsc\app\shared\interfaces.js
C:\Users\mattia\Desktop\Code\SShop\SShop.Web\AppClient\app-client\dist\out-tsc\app\shared\interfaces.js.map
C:\Users\mattia\Desktop\Code\SShop\SShop.Web\AppClient\app-client\dist\out-tsc\environments\environment.js
C:\Users\mattia\Desktop\Code\SShop\SShop.Web\AppClient\app-client\dist\out-tsc\environments\environment.js.map
C:\Users\mattia\Desktop\Code\SShop\SShop.Web\AppClient\app-client\dist\out-tsc\app\core\services\catalog.service.js
C:\Users\mattia\Desktop\Code\SShop\SShop.Web\AppClient\app-client\dist\out-tsc\app\core\services\catalog.service.js.map
C:\Users\mattia\Desktop\Code\SShop\SShop.Web\AppClient\app-client\dist\out-tsc\app\core\services\data.service.js
C:\Users\mattia\Desktop\Code\SShop\SShop.Web\AppClient\app-client\dist\out-tsc\app\core\services\data.service.js.map
C:\Users\mattia\Desktop\Code\SShop\SShop.Web\AppClient\app-client\dist\out-tsc\app\CatalogItem\catalog\catalog.component.js
C:\Users\mattia\Desktop\Code\SShop\SShop.Web\AppClient\app-client\dist\out-tsc\app\CatalogItem\catalog\catalog.component.js.map
C:\Users\mattia\Desktop\Code\SShop\SShop.Web\AppClient\app-client\dist\out-tsc\app\app.module.js
C:\Users\mattia\Desktop\Code\SShop\SShop.Web\AppClient\app-client\dist\out-tsc\app\app.module.js.map
C:\Users\mattia\Desktop\Code\SShop\SShop.Web\AppClient\app-client\dist\out-tsc\main.js
C:\Users\mattia\Desktop\Code\SShop\SShop.Web\AppClient\app-client\dist\out-tsc\main.js.map
C:\Users\mattia\Desktop\Code\SShop\SShop.Web\AppClient\app-client\dist\out-tsc\polyfills.js
C:\Users\mattia\Desktop\Code\SShop\SShop.Web\AppClient\app-client\dist\out-tsc\polyfills.js.map
C:\Users\mattia\Desktop\Code\SShop\SShop.Web\AppClient\app-client\dist\out-tsc\test.js
C:\Users\mattia\Desktop\Code\SShop\SShop.Web\AppClient\app-client\dist\out-tsc\test.js.map
C:\Users\mattia\Desktop\Code\SShop\SShop.Web\AppClient\app-client\dist\out-tsc\app\app.component.spec.js
C:\Users\mattia\Desktop\Code\SShop\SShop.Web\AppClient\app-client\dist\out-tsc\app\app.component.spec.js.map
C:\Users\mattia\Desktop\Code\SShop\SShop.Web\AppClient\app-client\dist\out-tsc\app\CatalogItem\catalog\catalog.component.spec.js
C:\Users\mattia\Desktop\Code\SShop\SShop.Web\AppClient\app-client\dist\out-tsc\app\CatalogItem\catalog\catalog.component.spec.js.map
C:\Users\mattia\Desktop\Code\SShop\SShop.Web\AppClient\app-client\dist\out-tsc\app\core\interceptors\AuthInterceptor.js
C:\Users\mattia\Desktop\Code\SShop\SShop.Web\AppClient\app-client\dist\out-tsc\app\core\interceptors\AuthInterceptor.js.map
C:\Users\mattia\Desktop\Code\SShop\SShop.Web\AppClient\app-client\dist\out-tsc\app\core\services\utilities.service.js
C:\Users\mattia\Desktop\Code\SShop\SShop.Web\AppClient\app-client\dist\out-tsc\app\core\services\utilities.service.js.map
C:\Users\mattia\Desktop\Code\SShop\SShop.Web\AppClient\app-client\dist\out-tsc\app\core\services\auth.service.js
C:\Users\mattia\Desktop\Code\SShop\SShop.Web\AppClient\app-client\dist\out-tsc\app\core\services\auth.service.js.map
C:\Users\mattia\Desktop\Code\SShop\SShop.Web\AppClient\app-client\dist\out-tsc\environments\environment.prod.js
C:\Users\mattia\Desktop\Code\SShop\SShop.Web\AppClient\app-client\dist\out-tsc\environments\environment.prod.js.map
